2019-05-16 12:57:23,172  INFO [main] LoginPageTest:30 - ****************************** starting test case *****************************************
2019-05-16 12:57:23,179  INFO [main] LoginPageTest:31 - ****************************** Mercury Tours Login Page title Test *****************************************
2019-05-16 12:57:23,207  INFO [main] LoginPageTest:34 - ****************************** ending test case *****************************************
2019-05-16 12:57:23,207  INFO [main] LoginPageTest:35 - ****************************** Mercury Tours Login Page title Test *****************************************
2019-05-16 12:57:26,381  INFO [main] LoginPageTest:50 - ****************************** Browser is closed *****************************************
2019-05-16 12:57:35,271  INFO [main] LoginPageTest:40 - ****************************** starting test case *****************************************
2019-05-16 12:57:35,272  INFO [main] LoginPageTest:41 - ****************************** Mercury Tours Login Test *****************************************
2019-05-16 12:57:39,136  INFO [main] LoginPageTest:43 - ****************************** ending test case *****************************************
2019-05-16 12:57:39,137  INFO [main] LoginPageTest:44 - ****************************** Mercury Tours Login Test *****************************************
2019-05-16 12:57:42,347  INFO [main] LoginPageTest:50 - ****************************** Browser is closed *****************************************
2019-05-16 13:00:45,533  INFO [main] LoginPageTest:30 - ****************************** starting test case *****************************************
2019-05-16 13:00:45,540  INFO [main] LoginPageTest:31 - ****************************** Mercury Tours Login Page title Test *****************************************
2019-05-16 13:00:45,921  INFO [main] LoginPageTest:34 - ****************************** ending test case *****************************************
2019-05-16 13:00:45,922  INFO [main] LoginPageTest:35 - ****************************** Mercury Tours Login Page title Test *****************************************
2019-05-16 13:00:48,914  INFO [main] LoginPageTest:50 - ****************************** Browser is closed *****************************************
2019-05-16 13:00:58,629  INFO [main] LoginPageTest:40 - ****************************** starting test case *****************************************
2019-05-16 13:00:58,630  INFO [main] LoginPageTest:41 - ****************************** Mercury Tours Login Test *****************************************
2019-05-16 13:01:01,044  INFO [main] LoginPageTest:43 - ****************************** ending test case *****************************************
2019-05-16 13:01:01,045  INFO [main] LoginPageTest:44 - ****************************** Mercury Tours Login Test *****************************************
2019-05-16 13:01:07,332  INFO [main] LoginPageTest:50 - ****************************** Browser is closed *****************************************
